<?xml version="1.0" encoding="UTF-8"?>
<testsuite xmlns:xsi="http://www.w3.org/2001/XMLSchema-instance" xsi:noNamespaceSchemaLocation="https://maven.apache.org/surefire/maven-surefire-plugin/xsd/surefire-test-report-3.0.xsd" version="3.0" name="multilingual_support.LanguageSelectionFromSystemTest" time="0.007" tests="2" errors="0" skipped="0" failures="0">
  <properties>
[...]
</properties>
  <testcase name="currentOSLanguageNotExists" classname="multilingual_support.LanguageSelectionFromSystemTest" time="0.003">
    <system-out><![CDATA[[15:24:56] [INFO ] multilingual_support.language_selection.LanguageSelectionFromSystem - Detected system locale language: fakelocation
[15:24:56] [INFO ] multilingual_support.language_selection.CheckLanguageExists - The language fakelocation does not exist in AvailableLanguages
[15:24:56] [WARN ] multilingual_support.language_selection.CheckLanguageExists - The selected value is null, blank or doesnt exists, return the default language
]]></system-out>
  </testcase>
  <testcase name="currentOSLanguage" classname="multilingual_support.LanguageSelectionFromSystemTest" time="0.001">
    <system-out><![CDATA[[15:24:56] [INFO ] multilingual_support.language_selection.LanguageSelectionFromSystem - Detected system locale language: es
[15:24:56] [INFO ] multilingual_support.language_selection.CheckLanguageExists - The language es was found and return it
]]></system-out>
  </testcase>
</testsuite>